<?xml version="1.0" encoding="UTF-8"?>
<!-- Generated by org.testng.reporters.JUnitXMLReporter -->
<testsuite hostname="sys" ignored="0" name="Test" tests="3" failures="1" timestamp="2019-12-13T18:58:07 EST" time="59.52" errors="0">
  <testcase name="logoPresence" time="2.466" classname="allureReports.Test1"/>
  <testcase name="loginTest" time="3.535" classname="allureReports.Test1">
    <failure type="java.lang.AssertionError" message="expected [nopCommerce demo store. Login] but found [nopCommerce demo store]">
      <![CDATA[java.lang.AssertionError: expected [nopCommerce demo store. Login] but found [nopCommerce demo store]
at allureReports.Test1.loginTest(Test1.java:45)
at java.util.ArrayList.forEach(Unknown Source)
... Removed 32 stack frames]]>
    </failure>
  </testcase> <!-- loginTest -->
  <testcase name="regestrationTest" time="0.005" classname="allureReports.Test1">
    <skipped/>
  </testcase> <!-- regestrationTest -->
</testsuite> <!-- Test -->
